<?xml version="1.0" encoding="UTF-8"?>
<!-- Generated by org.testng.reporters.JUnitReportReporter -->
<testsuite hostname="Lenovo" failures="0" tests="1" name="Tests.LoginTests" time="1.244" errors="0" timestamp="2025-02-22T12:27:41 IST" skipped="0">
  <testcase classname="Tests.LoginTests" name="testValidLogin" time="1.244"/>
  <system-out/>
</testsuite> <!-- Tests.LoginTests -->
