<?xml version="1.0" encoding="UTF-8"?>
<!-- Generated by org.testng.reporters.JUnitReportReporter -->
<testsuite hostname="Lenovo" failures="0" tests="1" name="Tests.LoginPageTest" time="2.300" errors="0" timestamp="2025-02-22T14:32:31 IST" skipped="0">
  <testcase classname="Tests.LoginPageTest" name="testValidLogin" time="2.300"/>
  <system-out/>
</testsuite> <!-- Tests.LoginPageTest -->
