<?xml version="1.0" encoding="UTF-8"?>
<!-- Generated by org.testng.reporters.JUnitReportReporter -->
<testsuite hostname="Lenovo" failures="0" tests="1" name="Tests.LoginPageTest" time="1.717" errors="0" timestamp="2025-03-22T13:47:55 IST" skipped="0">
  <testcase classname="Tests.LoginPageTest" name="testValidLogin" time="1.717"/>
  <system-out/>
</testsuite> <!-- Tests.LoginPageTest -->
