<?xml version="1.0" encoding="UTF-8"?>
<!-- Generated by org.testng.reporters.JUnitReportReporter -->
<testsuite hostname="Lenovo" failures="0" tests="1" name="Tests.LoginPageTest" time="0.727" errors="0" timestamp="2025-03-22T13:46:16 IST" skipped="0">
  <testcase classname="Tests.LoginPageTest" name="testValidLogin" time="0.727"/>
</testsuite> <!-- Tests.LoginPageTest -->
